


ARM Macro Assembler    Page 1 


    1 00000000         ; Standard definitions of Mode bits and Interrupt (I & F
                       ) flags in PSRs
    2 00000000         
    3 00000000 00000010 
                       Mode_USR
                               EQU              0x10
    4 00000000 00000011 
                       Mode_FIQ
                               EQU              0x11
    5 00000000 00000012 
                       Mode_IRQ
                               EQU              0x12
    6 00000000 00000013 
                       Mode_SVC
                               EQU              0x13
    7 00000000 00000017 
                       Mode_ABT
                               EQU              0x17
    8 00000000 0000001B 
                       Mode_UND
                               EQU              0x1B
    9 00000000 0000001F 
                       Mode_SYS
                               EQU              0x1F
   10 00000000         
   11 00000000 00000080 
                       I_Bit   EQU              0x80        ; when I bit is set
                                                            , IRQ is disabled
   12 00000000 00000040 
                       F_Bit   EQU              0x40        ; when F bit is set
                                                            , FIQ is disabled
   13 00000000         
   14 00000000         
   15 00000000         ;// <h> Stack Configuration (Stack Sizes in Bytes)
   16 00000000         ;//   <o0> Undefined Mode      <0x0-0xFFFFFFFF:8>
   17 00000000         ;//   <o1> Supervisor Mode     <0x0-0xFFFFFFFF:8>
   18 00000000         ;//   <o2> Abort Mode          <0x0-0xFFFFFFFF:8>
   19 00000000         ;//   <o3> Fast Interrupt Mode <0x0-0xFFFFFFFF:8>
   20 00000000         ;//   <o4> Interrupt Mode      <0x0-0xFFFFFFFF:8>
   21 00000000         ;//   <o5> User/System Mode    <0x0-0xFFFFFFFF:8>
   22 00000000         ;// </h>
   23 00000000         
   24 00000000 00000000 
                       UND_Stack_Size
                               EQU              0x00000000
   25 00000000 00000080 
                       SVC_Stack_Size
                               EQU              0x00000080
   26 00000000 00000000 
                       ABT_Stack_Size
                               EQU              0x00000000
   27 00000000 00000000 
                       FIQ_Stack_Size
                               EQU              0x00000000
   28 00000000 00000080 
                       IRQ_Stack_Size
                               EQU              0x00000080
   29 00000000 00000000 
                       USR_Stack_Size



ARM Macro Assembler    Page 2 


                               EQU              0x00000000
   30 00000000         
   32 00000000 00000100 
                       ISR_Stack_Size
                               EQU              (UND_Stack_Size + SVC_Stack_Siz
e + ABT_Stack_Size +                           FIQ_Stack_Size + IRQ_Stack_Size
)
   33 00000000         
   34 00000000                 AREA             RESET, CODE
   35 00000000                 ENTRY
   36 00000000         ;  Dummy Handlers are implemented as infinite loops whic
                       h can be modified.
   37 00000000         
   38 00000000 E59FF020 
                       Vectors LDR              PC, Reset_Addr
   39 00000004 E59FF020        LDR              PC, Undef_Addr
   40 00000008 E59FF020        LDR              PC, SWI_Addr
   41 0000000C E59FF020        LDR              PC, PAbt_Addr
   42 00000010 E59FF020        LDR              PC, DAbt_Addr
   43 00000014 E1A00000        NOP                          ; Reserved Vector 
   44 00000018 E51FF008        LDR              PC, IRQ_Addr
   45 0000001C         ;               LDR     PC, [PC, #-0x0FF0]     ; Vector 
                       from VicVectAddr
   46 0000001C E59FF01C        LDR              PC, FIQ_Addr
   47 00000020         
   48 00000020 00000000 
                       ACBASE  DCD              P0COUNT
   49 00000024 00000000 
                       SCONTR  DCD              SIMCONTROL
   50 00000028         
   51 00000028 00000000 
                       Reset_Addr
                               DCD              Reset_Handler
   52 0000002C 00000000 
                       Undef_Addr
                               DCD              Undef_Handler
   53 00000030 00000000 
                       SWI_Addr
                               DCD              SWI_Handler
   54 00000034 00000000 
                       PAbt_Addr
                               DCD              PAbt_Handler
   55 00000038 00000000 
                       DAbt_Addr
                               DCD              DAbt_Handler
   56 0000003C 00000000        DCD              0           ; Reserved Address 
                                                            
   57 00000040 00000000 
                       FIQ_Addr
                               DCD              FIQ_Handler
   58 00000044         
   59 00000044 EAFFFFFE 
                       Undef_Handler
                               B                Undef_Handler
   60 00000048 EAFFFFFE 
                       SWI_Handler
                               B                SWI_Handler
   61 0000004C EAFFFFFE 
                       PAbt_Handler



ARM Macro Assembler    Page 3 


                               B                PAbt_Handler
   62 00000050 EAFFFFFE 
                       DAbt_Handler
                               B                DAbt_Handler
   63 00000054 EAFFFFFE 
                       FIQ_Handler
                               B                FIQ_Handler
   64 00000058         
   65 00000058         
   66 00000058                 AREA             ARMuser, CODE,READONLY
   67 00000000         
   68 00000000 00000000 
                       IRQ_Addr
                               DCD              ISR_FUNC1
   69 00000004 00000010 
                       EINT2   EQU              16
   70 00000004 FFFFF010 
                       Addr_VicIntEn
                               DCD              0xFFFFF010  ; set to (1<<EINT0)
                                                            
   71 00000008 E01FC148 
                       Addr_EXTMODE
                               DCD              0xE01FC148  ; set to 1
   72 0000000C E002C000 
                       Addr_PINSEL0
                               DCD              0xE002C000  ; set to 2_1100
   73 00000010 E01FC140 
                       Addr_EXTINT
                               DCD              0xE01FC140
   74 00000014         
   75 00000014         ;  addresses of two registers that allow fast input
   76 00000014         
   77 00000014 E0028000 
                       Addr_IOPIN
                               DCD              0xE0028000
   78 00000018         
   79 00000018         
   80 00000018         ; Initialise Interrupt System
   81 00000018         ;  ...
   82 00000018 E82D0003 
                       ISR_FUNC1
                               STMED            R13!, {R0,R1}
   83 0000001C E3A00004        MOV              R0, #(1 << 2) ; bit 2 of EXTINT
                                                            
   84 00000020 E51F1018        LDR              R1, Addr_EXTINT
   85 00000024 E5810000        STR              R0, [R1]    ; EINT2 reset inter
                                                            rupt
   86 00000028 E9BD0003        LDMED            R13!, {R0,R1}
   87 0000002C EA00001A        B                ISR_FUNC
   88 00000030         
   89 00000030         Reset_Handler
   90 00000030         ; PORT0.1 1->0 triggers EINT0 IRQ interrupt
   91 00000030 E3A00801        MOV              R0, #(1 << EINT2)
   92 00000034 E51F1038        LDR              R1, Addr_VicIntEn
   93 00000038 E5810000        STR              R0, [R1]
   94 0000003C E3A00101        MOV              R0, #(1 << 30)
   95 00000040 E51F103C        LDR              R1, Addr_PINSEL0
   96 00000044 E5810000        STR              R0, [R1]
   97 00000048 E3A00004        MOV              R0, #(1 << 2)



ARM Macro Assembler    Page 4 


   98 0000004C E51F104C        LDR              R1, Addr_EXTMODE
   99 00000050 E5810000        STR              R0, [R1]
  100 00000054         
  101 00000054         ;  Setup Stack for each mode
  102 00000054         
  103 00000054 E59F0064        LDR              R0, =Stack_Top
  104 00000058         
  105 00000058         ;  Enter Undefined Instruction Mode and set its Stack Po
                       inter
  106 00000058 E321F0DB        MSR              CPSR_c, #Mode_UND:OR:I_Bit:OR:F
_Bit
  107 0000005C E1A0D000        MOV              SP, R0
  108 00000060 E2400000        SUB              R0, R0, #UND_Stack_Size
  109 00000064         
  110 00000064         ;  Enter Abort Mode and set its Stack Pointer
  111 00000064 E321F0D7        MSR              CPSR_c, #Mode_ABT:OR:I_Bit:OR:F
_Bit
  112 00000068 E1A0D000        MOV              SP, R0
  113 0000006C E2400000        SUB              R0, R0, #ABT_Stack_Size
  114 00000070         
  115 00000070         ;  Enter FIQ Mode and set its Stack Pointer
  116 00000070 E321F0D1        MSR              CPSR_c, #Mode_FIQ:OR:I_Bit:OR:F
_Bit
  117 00000074 E1A0D000        MOV              SP, R0
  118 00000078 E2400000        SUB              R0, R0, #FIQ_Stack_Size
  119 0000007C         
  120 0000007C         ;  Enter IRQ Mode and set its Stack Pointer
  121 0000007C E321F0D2        MSR              CPSR_c, #Mode_IRQ:OR:I_Bit:OR:F
_Bit
  122 00000080 E1A0D000        MOV              SP, R0
  123 00000084 E2400080        SUB              R0, R0, #IRQ_Stack_Size
  124 00000088         
  125 00000088         ;  Enter Supervisor Mode and set its Stack Pointer
  126 00000088 E321F053        MSR              CPSR_c, #Mode_SVC:OR:F_Bit
  127 0000008C E1A0D000        MOV              SP, R0
  128 00000090 E2400080        SUB              R0, R0, #SVC_Stack_Size
  129 00000094 EAFFFFFF        B                START
  130 00000098         ;----------------------------DO NOT CHANGE ABOVE THIS CO
                       MMENT--------------------------------
  131 00000098         ;-------------------------------------------------------
                       -------------------------------------
  132 00000098         ;-------------------------------------------------------
                       -------------------------------------
  133 00000098         ; constant data used in counting loop
  134 00000098         
  135 00000098         START                                ; initialse  counti
                                                            ng loop
  136 00000098         
  137 00000098         ; main couting loop loops forever, interrupted at end of
                        simulation
  138 00000098         LOOP
  139 00000098 EAFFFFFE        B                LOOP        ; For skeleton code
                                                             only, replace with
                                                             counting loop whic
                                                            h
  140 0000009C         ; branches to LOOP_END on termination of loop
  141 0000009C         
  142 0000009C         
  143 0000009C         



ARM Macro Assembler    Page 5 


  144 0000009C         ISR_FUNC                             ; Interrupt must se
                                                            t variable to termi
                                                            nate main loop
  145 0000009C EA000004        B                LOOP_END    ; for skeleton code
                                                             only  
  146 000000A0         ; replace this by return from interrupt
  147 000000A0         ; branch to LOOP_END will be at end of LOOP code
  148 000000A0         
  149 000000A0         ;-------------------------------------------------------
                       -------------------------------------
  150 000000A0         ; PARAMETERS TO CONTROL SIMULATION, VALUES MAY BE CHANGE
                       D TO IMPLEMENT DIFFERENT TESTS
  151 000000A0         ;-------------------------------------------------------
                       -------------------------------------
  152 000000A0         SIMCONTROL
  153 000000A0 00000064 
                       SIM_TIME
                               DCD              100         ; length of simulat
                                                            ion in cycles (100M
                                                            Hz clock)
  154 000000A4 00000028 
                       P0_PERIOD
                               DCD              40          ; bit 0 input perio
                                                            d in cycles
  155 000000A8 00000022 
                       P1_PERIOD
                               DCD              34          ; bit 8 input perio
                                                            d in cycles
  156 000000AC 0000002C 
                       P2_PERIOD
                               DCD              44          ; bit 16 input peri
                                                            od in cycles
  157 000000B0 00000026 
                       P3_PERIOD
                               DCD              38          ; bit 24 input peri
                                                            od in cycles
  158 000000B4         ;---------------------DO NOT CHANGE AFTER THIS COMMENT--
                       -------------------------------------
  159 000000B4         ;-------------------------------------------------------
                       -------------------------------------
  160 000000B4         ;-------------------------------------------------------
                       -------------------------------------
  161 000000B4 E3A00C7F 
                       LOOP_END
                               MOV              R0, #0x7f00
  162 000000B8 E5900000        LDR              R0, [R0]    ; read memory locat
                                                            ion 7f00 to stop si
                                                            mulation
  163 000000BC EAFFFFFE 
                       STOP    B                STOP
  164 000000C0         ;-------------------------------------------------------
                       ----------------------
  165 000000C0 00000000        AREA             DATA, READWRITE
  166 00000000         
  167 00000000 00000000 
                       P0COUNT DCD              0
  168 00000004 00000000 
                       P1COUNT DCD              0
  169 00000008 00000000 



ARM Macro Assembler    Page 6 


                       P2COUNT DCD              0
  170 0000000C 00000000 
                       P3COUNT DCD              0
  171 00000010         ;-------------------------------------------------------
                       -----------------------   
  172 00000010                 AREA             STACK, NOINIT, READWRITE, ALIGN
=3
  173 00000000         
  174 00000000         Stack_Mem
                               SPACE            USR_Stack_Size
  175 00000000         __initial_sp
                               SPACE            ISR_Stack_Size
  176 00000100         
  177 00000100         Stack_Top
  178 00000100         
  179 00000100         
  180 00000100                 END                          ; Mark end of file
Command Line: --debug --xref --apcs=interwork --depend=countfreq.d -ocountfreq.
o -IC:\Keil\ARM\CMSIS\Include -IC:\Keil\ARM\INC\Philips --predefine="__EVAL SET
A 1" --list=countfreq.lst countfreq.s



ARM Macro Assembler    Page 1 Alphabetic symbol ordering
Relocatable symbols

ACBASE 00000020

Symbol: ACBASE
   Definitions
      At line 48 in file countfreq.s
   Uses
      None
Comment: ACBASE unused
DAbt_Addr 00000038

Symbol: DAbt_Addr
   Definitions
      At line 55 in file countfreq.s
   Uses
      At line 42 in file countfreq.s
Comment: DAbt_Addr used once
DAbt_Handler 00000050

Symbol: DAbt_Handler
   Definitions
      At line 62 in file countfreq.s
   Uses
      At line 55 in file countfreq.s
      At line 62 in file countfreq.s

FIQ_Addr 00000040

Symbol: FIQ_Addr
   Definitions
      At line 57 in file countfreq.s
   Uses
      At line 46 in file countfreq.s
Comment: FIQ_Addr used once
FIQ_Handler 00000054

Symbol: FIQ_Handler
   Definitions
      At line 63 in file countfreq.s
   Uses
      At line 57 in file countfreq.s
      At line 63 in file countfreq.s

PAbt_Addr 00000034

Symbol: PAbt_Addr
   Definitions
      At line 54 in file countfreq.s
   Uses
      At line 41 in file countfreq.s
Comment: PAbt_Addr used once
PAbt_Handler 0000004C

Symbol: PAbt_Handler
   Definitions
      At line 61 in file countfreq.s
   Uses
      At line 54 in file countfreq.s
      At line 61 in file countfreq.s




ARM Macro Assembler    Page 2 Alphabetic symbol ordering
Relocatable symbols

RESET 00000000

Symbol: RESET
   Definitions
      At line 34 in file countfreq.s
   Uses
      None
Comment: RESET unused
Reset_Addr 00000028

Symbol: Reset_Addr
   Definitions
      At line 51 in file countfreq.s
   Uses
      At line 38 in file countfreq.s
Comment: Reset_Addr used once
SCONTR 00000024

Symbol: SCONTR
   Definitions
      At line 49 in file countfreq.s
   Uses
      None
Comment: SCONTR unused
SWI_Addr 00000030

Symbol: SWI_Addr
   Definitions
      At line 53 in file countfreq.s
   Uses
      At line 40 in file countfreq.s
Comment: SWI_Addr used once
SWI_Handler 00000048

Symbol: SWI_Handler
   Definitions
      At line 60 in file countfreq.s
   Uses
      At line 53 in file countfreq.s
      At line 60 in file countfreq.s

Undef_Addr 0000002C

Symbol: Undef_Addr
   Definitions
      At line 52 in file countfreq.s
   Uses
      At line 39 in file countfreq.s
Comment: Undef_Addr used once
Undef_Handler 00000044

Symbol: Undef_Handler
   Definitions
      At line 59 in file countfreq.s
   Uses
      At line 52 in file countfreq.s
      At line 59 in file countfreq.s

Vectors 00000000



ARM Macro Assembler    Page 3 Alphabetic symbol ordering
Relocatable symbols


Symbol: Vectors
   Definitions
      At line 38 in file countfreq.s
   Uses
      None
Comment: Vectors unused
15 symbols



ARM Macro Assembler    Page 1 Alphabetic symbol ordering
Relocatable symbols

ARMuser 00000000

Symbol: ARMuser
   Definitions
      At line 66 in file countfreq.s
   Uses
      None
Comment: ARMuser unused
Addr_EXTINT 00000010

Symbol: Addr_EXTINT
   Definitions
      At line 73 in file countfreq.s
   Uses
      At line 84 in file countfreq.s
Comment: Addr_EXTINT used once
Addr_EXTMODE 00000008

Symbol: Addr_EXTMODE
   Definitions
      At line 71 in file countfreq.s
   Uses
      At line 98 in file countfreq.s
Comment: Addr_EXTMODE used once
Addr_IOPIN 00000014

Symbol: Addr_IOPIN
   Definitions
      At line 77 in file countfreq.s
   Uses
      None
Comment: Addr_IOPIN unused
Addr_PINSEL0 0000000C

Symbol: Addr_PINSEL0
   Definitions
      At line 72 in file countfreq.s
   Uses
      At line 95 in file countfreq.s
Comment: Addr_PINSEL0 used once
Addr_VicIntEn 00000004

Symbol: Addr_VicIntEn
   Definitions
      At line 70 in file countfreq.s
   Uses
      At line 92 in file countfreq.s
Comment: Addr_VicIntEn used once
IRQ_Addr 00000000

Symbol: IRQ_Addr
   Definitions
      At line 68 in file countfreq.s
   Uses
      At line 44 in file countfreq.s
Comment: IRQ_Addr used once
ISR_FUNC 0000009C

Symbol: ISR_FUNC



ARM Macro Assembler    Page 2 Alphabetic symbol ordering
Relocatable symbols

   Definitions
      At line 144 in file countfreq.s
   Uses
      At line 87 in file countfreq.s
Comment: ISR_FUNC used once
ISR_FUNC1 00000018

Symbol: ISR_FUNC1
   Definitions
      At line 82 in file countfreq.s
   Uses
      At line 68 in file countfreq.s
Comment: ISR_FUNC1 used once
LOOP 00000098

Symbol: LOOP
   Definitions
      At line 138 in file countfreq.s
   Uses
      At line 139 in file countfreq.s
Comment: LOOP used once
LOOP_END 000000B4

Symbol: LOOP_END
   Definitions
      At line 161 in file countfreq.s
   Uses
      At line 145 in file countfreq.s
Comment: LOOP_END used once
P0_PERIOD 000000A4

Symbol: P0_PERIOD
   Definitions
      At line 154 in file countfreq.s
   Uses
      None
Comment: P0_PERIOD unused
P1_PERIOD 000000A8

Symbol: P1_PERIOD
   Definitions
      At line 155 in file countfreq.s
   Uses
      None
Comment: P1_PERIOD unused
P2_PERIOD 000000AC

Symbol: P2_PERIOD
   Definitions
      At line 156 in file countfreq.s
   Uses
      None
Comment: P2_PERIOD unused
P3_PERIOD 000000B0

Symbol: P3_PERIOD
   Definitions
      At line 157 in file countfreq.s
   Uses



ARM Macro Assembler    Page 3 Alphabetic symbol ordering
Relocatable symbols

      None
Comment: P3_PERIOD unused
Reset_Handler 00000030

Symbol: Reset_Handler
   Definitions
      At line 89 in file countfreq.s
   Uses
      At line 51 in file countfreq.s
Comment: Reset_Handler used once
SIMCONTROL 000000A0

Symbol: SIMCONTROL
   Definitions
      At line 152 in file countfreq.s
   Uses
      At line 49 in file countfreq.s
Comment: SIMCONTROL used once
SIM_TIME 000000A0

Symbol: SIM_TIME
   Definitions
      At line 153 in file countfreq.s
   Uses
      None
Comment: SIM_TIME unused
START 00000098

Symbol: START
   Definitions
      At line 135 in file countfreq.s
   Uses
      At line 129 in file countfreq.s
Comment: START used once
STOP 000000BC

Symbol: STOP
   Definitions
      At line 163 in file countfreq.s
   Uses
      At line 163 in file countfreq.s
Comment: STOP used once
20 symbols



ARM Macro Assembler    Page 1 Alphabetic symbol ordering
Relocatable symbols

DATA 00000000

Symbol: DATA
   Definitions
      At line 165 in file countfreq.s
   Uses
      None
Comment: DATA unused
P0COUNT 00000000

Symbol: P0COUNT
   Definitions
      At line 167 in file countfreq.s
   Uses
      At line 48 in file countfreq.s
Comment: P0COUNT used once
P1COUNT 00000004

Symbol: P1COUNT
   Definitions
      At line 168 in file countfreq.s
   Uses
      None
Comment: P1COUNT unused
P2COUNT 00000008

Symbol: P2COUNT
   Definitions
      At line 169 in file countfreq.s
   Uses
      None
Comment: P2COUNT unused
P3COUNT 0000000C

Symbol: P3COUNT
   Definitions
      At line 170 in file countfreq.s
   Uses
      None
Comment: P3COUNT unused
5 symbols



ARM Macro Assembler    Page 1 Alphabetic symbol ordering
Relocatable symbols

STACK 00000000

Symbol: STACK
   Definitions
      At line 172 in file countfreq.s
   Uses
      None
Comment: STACK unused
Stack_Mem 00000000

Symbol: Stack_Mem
   Definitions
      At line 174 in file countfreq.s
   Uses
      None
Comment: Stack_Mem unused
Stack_Top 00000100

Symbol: Stack_Top
   Definitions
      At line 177 in file countfreq.s
   Uses
      At line 103 in file countfreq.s
Comment: Stack_Top used once
__initial_sp 00000000

Symbol: __initial_sp
   Definitions
      At line 175 in file countfreq.s
   Uses
      None
Comment: __initial_sp unused
4 symbols



ARM Macro Assembler    Page 1 Alphabetic symbol ordering
Absolute symbols

ABT_Stack_Size 00000000

Symbol: ABT_Stack_Size
   Definitions
      At line 26 in file countfreq.s
   Uses
      At line 32 in file countfreq.s
      At line 113 in file countfreq.s

EINT2 00000010

Symbol: EINT2
   Definitions
      At line 69 in file countfreq.s
   Uses
      At line 91 in file countfreq.s
Comment: EINT2 used once
FIQ_Stack_Size 00000000

Symbol: FIQ_Stack_Size
   Definitions
      At line 27 in file countfreq.s
   Uses
      At line 32 in file countfreq.s
      At line 118 in file countfreq.s

F_Bit 00000040

Symbol: F_Bit
   Definitions
      At line 12 in file countfreq.s
   Uses
      At line 106 in file countfreq.s
      At line 111 in file countfreq.s
      At line 116 in file countfreq.s
      At line 121 in file countfreq.s
      At line 126 in file countfreq.s

IRQ_Stack_Size 00000080

Symbol: IRQ_Stack_Size
   Definitions
      At line 28 in file countfreq.s
   Uses
      At line 32 in file countfreq.s
      At line 123 in file countfreq.s

ISR_Stack_Size 00000100

Symbol: ISR_Stack_Size
   Definitions
      At line 32 in file countfreq.s
   Uses
      At line 175 in file countfreq.s
Comment: ISR_Stack_Size used once
I_Bit 00000080

Symbol: I_Bit
   Definitions



ARM Macro Assembler    Page 2 Alphabetic symbol ordering
Absolute symbols

      At line 11 in file countfreq.s
   Uses
      At line 106 in file countfreq.s
      At line 111 in file countfreq.s
      At line 116 in file countfreq.s
      At line 121 in file countfreq.s

Mode_ABT 00000017

Symbol: Mode_ABT
   Definitions
      At line 7 in file countfreq.s
   Uses
      At line 111 in file countfreq.s
Comment: Mode_ABT used once
Mode_FIQ 00000011

Symbol: Mode_FIQ
   Definitions
      At line 4 in file countfreq.s
   Uses
      At line 116 in file countfreq.s
Comment: Mode_FIQ used once
Mode_IRQ 00000012

Symbol: Mode_IRQ
   Definitions
      At line 5 in file countfreq.s
   Uses
      At line 121 in file countfreq.s
Comment: Mode_IRQ used once
Mode_SVC 00000013

Symbol: Mode_SVC
   Definitions
      At line 6 in file countfreq.s
   Uses
      At line 126 in file countfreq.s
Comment: Mode_SVC used once
Mode_SYS 0000001F

Symbol: Mode_SYS
   Definitions
      At line 9 in file countfreq.s
   Uses
      None
Comment: Mode_SYS unused
Mode_UND 0000001B

Symbol: Mode_UND
   Definitions
      At line 8 in file countfreq.s
   Uses
      At line 106 in file countfreq.s
Comment: Mode_UND used once
Mode_USR 00000010

Symbol: Mode_USR
   Definitions



ARM Macro Assembler    Page 3 Alphabetic symbol ordering
Absolute symbols

      At line 3 in file countfreq.s
   Uses
      None
Comment: Mode_USR unused
SVC_Stack_Size 00000080

Symbol: SVC_Stack_Size
   Definitions
      At line 25 in file countfreq.s
   Uses
      At line 32 in file countfreq.s
      At line 128 in file countfreq.s

UND_Stack_Size 00000000

Symbol: UND_Stack_Size
   Definitions
      At line 24 in file countfreq.s
   Uses
      At line 32 in file countfreq.s
      At line 108 in file countfreq.s

USR_Stack_Size 00000000

Symbol: USR_Stack_Size
   Definitions
      At line 29 in file countfreq.s
   Uses
      At line 174 in file countfreq.s
Comment: USR_Stack_Size used once
17 symbols
387 symbols in table
